<?xml version="1.0" encoding="UTF-8"?>
<testng-results ignored="0" total="2" passed="2" failed="0" skipped="0">
  <reporter-output>
  </reporter-output>
  <suite started-at="2024-01-24T15:13:46 IST" name="Default suite" finished-at="2024-01-24T15:13:57 IST" duration-ms="11287">
    <groups>
    </groups>
    <test started-at="2024-01-24T15:13:46 IST" name="Default test" finished-at="2024-01-24T15:13:57 IST" duration-ms="11287">
      <class name="Patient.verifyCreatedPatient">
        <test-method is-config="true" signature="configBeforeSuite()[pri:0, instance:Patient.verifyCreatedPatient@7a8136b3]" started-at="2024-01-24T15:13:45 IST" name="configBeforeSuite" finished-at="2024-01-24T15:13:46 IST" duration-ms="363" status="PASS">
          <reporter-output>
          </reporter-output>
        </test-method> <!-- configBeforeSuite -->
        <test-method is-config="true" signature="configBeforeClass()[pri:0, instance:Patient.verifyCreatedPatient@7a8136b3]" started-at="2024-01-24T15:13:46 IST" name="configBeforeClass" finished-at="2024-01-24T15:13:50 IST" duration-ms="4551" status="PASS">
          <reporter-output>
          </reporter-output>
        </test-method> <!-- configBeforeClass -->
        <test-method signature="addPatientTest()[pri:0, instance:Patient.verifyCreatedPatient@7a8136b3]" started-at="2024-01-24T15:13:50 IST" name="addPatientTest" finished-at="2024-01-24T15:13:54 IST" duration-ms="3570" status="PASS">
          <reporter-output>
          </reporter-output>
        </test-method> <!-- addPatientTest -->
        <test-method signature="verifyPatientTest()[pri:0, instance:Patient.verifyCreatedPatient@7a8136b3]" started-at="2024-01-24T15:13:54 IST" name="verifyPatientTest" finished-at="2024-01-24T15:13:56 IST" duration-ms="1820" status="PASS">
          <reporter-output>
          </reporter-output>
        </test-method> <!-- verifyPatientTest -->
        <test-method is-config="true" signature="configAfterClass()[pri:0, instance:Patient.verifyCreatedPatient@7a8136b3]" started-at="2024-01-24T15:13:56 IST" name="configAfterClass" finished-at="2024-01-24T15:13:57 IST" duration-ms="1291" status="PASS">
          <reporter-output>
          </reporter-output>
        </test-method> <!-- configAfterClass -->
        <test-method is-config="true" signature="configAfterSuite()[pri:0, instance:Patient.verifyCreatedPatient@7a8136b3]" started-at="2024-01-24T15:13:57 IST" name="configAfterSuite" finished-at="2024-01-24T15:13:57 IST" duration-ms="6" status="PASS">
          <reporter-output>
          </reporter-output>
        </test-method> <!-- configAfterSuite -->
      </class> <!-- Patient.verifyCreatedPatient -->
    </test> <!-- Default test -->
  </suite> <!-- Default suite -->
</testng-results>
